# JRE version: OpenJDK Runtime Environment (11.0.11+9) (build 11.0.11+9-b60-7590822)
# Java VM: OpenJDK 64-Bit Server VM (11.0.11+9-b60-7590822, mixed mode, tiered, compressed oops, g1 gc, windows-amd64)
Heap:
 garbage-first heap   total 324608K, used 282280K [0x0000000080000000, 0x0000000100000000)
  region size 1024K, 6 young (6144K), 2 survivors (2048K)
 Metaspace       used 130683K, capacity 138913K, committed 139264K, reserved 636928K
  class space    used 17078K, capacity 19844K, committed 19968K, reserved 516096K
GC Heap History (20 events):
Event: 89.535 GC heap before
{Heap before GC invocations=106 (full 0):
 garbage-first heap   total 324608K, used 278518K [0x0000000080000000, 0x0000000100000000)
  region size 1024K, 25 young (25600K), 3 survivors (3072K)
 Metaspace       used 125183K, capacity 132992K, committed 133120K, reserved 630784K
  class space    used 16464K, capacity 19108K, committed 19200K, reserved 516096K
}
Event: 89.546 GC heap after
{Heap after GC invocations=107 (full 0):
 garbage-first heap   total 324608K, used 259176K [0x0000000080000000, 0x0000000100000000)
  region size 1024K, 4 young (4096K), 4 survivors (4096K)
 Metaspace       used 125183K, capacity 132992K, committed 133120K, reserved 630784K
  class space    used 16464K, capacity 19108K, committed 19200K, reserved 516096K
}
Event: 90.216 GC heap before
{Heap before GC invocations=108 (full 0):
 garbage-first heap   total 324608K, used 279656K [0x0000000080000000, 0x0000000100000000)
  region size 1024K, 25 young (25600K), 4 survivors (4096K)
 Metaspace       used 125366K, capacity 133251K, committed 133376K, reserved 630784K
  class space    used 16480K, capacity 19173K, committed 19200K, reserved 516096K
}
Event: 90.231 GC heap after
{Heap after GC invocations=109 (full 0):
 garbage-first heap   total 324608K, used 262064K [0x0000000080000000, 0x0000000100000000)
  region size 1024K, 3 young (3072K), 3 survivors (3072K)
 Metaspace       used 125366K, capacity 133251K, committed 133376K, reserved 630784K
  class space    used 16480K, capacity 19173K, committed 19200K, reserved 516096K
}
Event: 90.432 GC heap before
{Heap before GC invocations=109 (full 0):
 garbage-first heap   total 324608K, used 274352K [0x0000000080000000, 0x0000000100000000)
  region size 1024K, 15 young (15360K), 3 survivors (3072K)
 Metaspace       used 125565K, capacity 133500K, committed 133632K, reserved 630784K
  class space    used 16495K, capacity 19187K, committed 19200K, reserved 516096K
}
Event: 90.444 GC heap after
{Heap after GC invocations=110 (full 0):
 garbage-first heap   total 324608K, used 261697K [0x0000000080000000, 0x0000000100000000)
  region size 1024K, 2 young (2048K), 2 survivors (2048K)
 Metaspace       used 125565K, capacity 133500K, committed 133632K, reserved 630784K
  class space    used 16495K, capacity 19187K, committed 19200K, reserved 516096K
}
Event: 90.779 GC heap before
{Heap before GC invocations=110 (full 0):
 garbage-first heap   total 324608K, used 282177K [0x0000000080000000, 0x0000000100000000)
  region size 1024K, 22 young (22528K), 2 survivors (2048K)
 Metaspace       used 127474K, capacity 135551K, committed 135680K, reserved 632832K
  class space    used 16703K, capacity 19420K, committed 19456K, reserved 516096K
}
Event: 90.783 GC heap after
{Heap after GC invocations=111 (full 0):
 garbage-first heap   total 324608K, used 262074K [0x0000000080000000, 0x0000000100000000)
  region size 1024K, 2 young (2048K), 2 survivors (2048K)
 Metaspace       used 127474K, capacity 135551K, committed 135680K, reserved 632832K
  class space    used 16703K, capacity 19420K, committed 19456K, reserved 516096K
}
Event: 91.718 GC heap before
{Heap before GC invocations=112 (full 0):
 garbage-first heap   total 324608K, used 282554K [0x0000000080000000, 0x0000000100000000)
  region size 1024K, 22 young (22528K), 2 survivors (2048K)
 Metaspace       used 128351K, capacity 136497K, committed 136704K, reserved 634880K
  class space    used 16821K, capacity 19597K, committed 19712K, reserved 516096K
}
Event: 91.723 GC heap after
{Heap after GC invocations=113 (full 0):
 garbage-first heap   total 324608K, used 263807K [0x0000000080000000, 0x0000000100000000)
  region size 1024K, 3 young (3072K), 3 survivors (3072K)
 Metaspace       used 128351K, capacity 136497K, committed 136704K, reserved 634880K
  class space    used 16821K, capacity 19597K, committed 19712K, reserved 516096K
}
Event: 92.797 GC heap before
{Heap before GC invocations=113 (full 0):
 garbage-first heap   total 324608K, used 284287K [0x0000000080000000, 0x0000000100000000)
  region size 1024K, 23 young (23552K), 3 survivors (3072K)
 Metaspace       used 128929K, capacity 137047K, committed 137216K, reserved 634880K
  class space    used 16870K, capacity 19630K, committed 19712K, reserved 516096K
}
Event: 92.805 GC heap after
{Heap after GC invocations=114 (full 0):
 garbage-first heap   total 324608K, used 265885K [0x0000000080000000, 0x0000000100000000)
  region size 1024K, 2 young (2048K), 2 survivors (2048K)
 Metaspace       used 128929K, capacity 137047K, committed 137216K, reserved 634880K
  class space    used 16870K, capacity 19630K, committed 19712K, reserved 516096K
}
Event: 93.424 GC heap before
{Heap before GC invocations=114 (full 0):
 garbage-first heap   total 324608K, used 285341K [0x0000000080000000, 0x0000000100000000)
  region size 1024K, 21 young (21504K), 2 survivors (2048K)
 Metaspace       used 129874K, capacity 138010K, committed 138368K, reserved 634880K
  class space    used 16990K, capacity 19736K, committed 19840K, reserved 516096K
}
Event: 93.432 GC heap after
{Heap after GC invocations=115 (full 0):
 garbage-first heap   total 324608K, used 267615K [0x0000000080000000, 0x0000000100000000)
  region size 1024K, 2 young (2048K), 2 survivors (2048K)
 Metaspace       used 129874K, capacity 138010K, committed 138368K, reserved 634880K
  class space    used 16990K, capacity 19736K, committed 19840K, reserved 516096K
}
Event: 93.935 GC heap before
{Heap before GC invocations=116 (full 0):
 garbage-first heap   total 324608K, used 286047K [0x0000000080000000, 0x0000000100000000)
  region size 1024K, 20 young (20480K), 2 survivors (2048K)
 Metaspace       used 130514K, capacity 138647K, committed 138880K, reserved 636928K
  class space    used 17066K, capacity 19822K, committed 19840K, reserved 516096K
}
Event: 93.942 GC heap after
{Heap after GC invocations=117 (full 0):
 garbage-first heap   total 324608K, used 271098K [0x0000000080000000, 0x0000000100000000)
  region size 1024K, 3 young (3072K), 3 survivors (3072K)
 Metaspace       used 130514K, capacity 138647K, committed 138880K, reserved 636928K
  class space    used 17066K, capacity 19822K, committed 19840K, reserved 516096K
}
Event: 94.230 GC heap before
{Heap before GC invocations=117 (full 0):
 garbage-first heap   total 324608K, used 283386K [0x0000000080000000, 0x0000000100000000)
  region size 1024K, 15 young (15360K), 3 survivors (3072K)
 Metaspace       used 130635K, capacity 138841K, committed 139008K, reserved 636928K
  class space    used 17078K, capacity 19843K, committed 19968K, reserved 516096K
}
Event: 94.242 GC heap after
{Heap after GC invocations=118 (full 0):
 garbage-first heap   total 324608K, used 274622K [0x0000000080000000, 0x0000000100000000)
  region size 1024K, 2 young (2048K), 2 survivors (2048K)
 Metaspace       used 130635K, capacity 138841K, committed 139008K, reserved 636928K
  class space    used 17078K, capacity 19843K, committed 19968K, reserved 516096K
}
Event: 94.589 GC heap before
{Heap before GC invocations=118 (full 0):
 garbage-first heap   total 324608K, used 287934K [0x0000000080000000, 0x0000000100000000)
  region size 1024K, 15 young (15360K), 2 survivors (2048K)
 Metaspace       used 130673K, capacity 138911K, committed 139264K, reserved 636928K
  class space    used 17078K, capacity 19844K, committed 19968K, reserved 516096K
}
Event: 94.602 GC heap after
{Heap after GC invocations=119 (full 0):
 garbage-first heap   total 324608K, used 279208K [0x0000000080000000, 0x0000000100000000)
  region size 1024K, 2 young (2048K), 2 survivors (2048K)
 Metaspace       used 130673K, capacity 138911K, committed 139264K, reserved 636928K
  class space    used 17078K, capacity 19844K, committed 19968K, reserved 516096K
}

